{"C:\\dev\\workspaces\\potenup\\14_testing-workspace\\01_jest\\src\\01_basic.ts": {"path":"C:\\dev\\workspaces\\potenup\\14_testing-workspace\\01_jest\\src\\01_basic.ts","statementMap":{"0":{"start":{"line":2,"column":0},"end":{"line":2,"column":16}},"1":{"start":{"line":6,"column":0},"end":{"line":6,"column":16}},"2":{"start":{"line":3,"column":2},"end":{"line":3,"column":15}},"3":{"start":{"line":7,"column":2},"end":{"line":9,"column":3}},"4":{"start":{"line":8,"column":4},"end":{"line":8,"column":38}},"5":{"start":{"line":10,"column":2},"end":{"line":10,"column":15}}},"fnMap":{"0":{"name":"sum","decl":{"start":{"line":2,"column":16},"end":{"line":2,"column":19}},"loc":{"start":{"line":2,"column":40},"end":{"line":4,"column":1}}},"1":{"name":"divide","decl":{"start":{"line":6,"column":16},"end":{"line":6,"column":22}},"loc":{"start":{"line":6,"column":43},"end":{"line":11,"column":1}}}},"branchMap":{"0":{"loc":{"start":{"line":7,"column":2},"end":{"line":9,"column":3}},"type":"if","locations":[{"start":{"line":7,"column":2},"end":{"line":9,"column":3}}]}},"s":{"0":1,"1":1,"2":2,"3":2,"4":1,"5":1},"f":{"0":2,"1":2},"b":{"0":[1]}}
,"C:\\dev\\workspaces\\potenup\\14_testing-workspace\\01_jest\\src\\02_matcher.ts": {"path":"C:\\dev\\workspaces\\potenup\\14_testing-workspace\\01_jest\\src\\02_matcher.ts","statementMap":{"0":{"start":{"line":27,"column":0},"end":{"line":27,"column":16}},"1":{"start":{"line":42,"column":0},"end":{"line":42,"column":16}},"2":{"start":{"line":53,"column":0},"end":{"line":53,"column":16}},"3":{"start":{"line":69,"column":0},"end":{"line":69,"column":16}},"4":{"start":{"line":81,"column":0},"end":{"line":81,"column":16}},"5":{"start":{"line":91,"column":0},"end":{"line":91,"column":16}},"6":{"start":{"line":106,"column":0},"end":{"line":106,"column":16}},"7":{"start":{"line":115,"column":0},"end":{"line":115,"column":16}},"8":{"start":{"line":130,"column":0},"end":{"line":130,"column":16}},"9":{"start":{"line":145,"column":0},"end":{"line":145,"column":16}},"10":{"start":{"line":28,"column":2},"end":{"line":34,"column":4}},"11":{"start":{"line":43,"column":21},"end":{"line":43,"column":49}},"12":{"start":{"line":44,"column":2},"end":{"line":44,"column":32}},"13":{"start":{"line":57,"column":2},"end":{"line":59,"column":3}},"14":{"start":{"line":58,"column":4},"end":{"line":58,"column":44}},"15":{"start":{"line":60,"column":2},"end":{"line":60,"column":42}},"16":{"start":{"line":73,"column":2},"end":{"line":73,"column":69}},"17":{"start":{"line":73,"column":38},"end":{"line":73,"column":67}},"18":{"start":{"line":82,"column":2},"end":{"line":82,"column":71}},"19":{"start":{"line":82,"column":45},"end":{"line":82,"column":66}},"20":{"start":{"line":95,"column":2},"end":{"line":97,"column":4}},"21":{"start":{"line":96,"column":4},"end":{"line":96,"column":62}},"22":{"start":{"line":107,"column":2},"end":{"line":107,"column":35}},"23":{"start":{"line":116,"column":2},"end":{"line":116,"column":27}},"24":{"start":{"line":116,"column":15},"end":{"line":116,"column":27}},"25":{"start":{"line":117,"column":2},"end":{"line":117,"column":29}},"26":{"start":{"line":117,"column":16},"end":{"line":117,"column":29}},"27":{"start":{"line":118,"column":2},"end":{"line":118,"column":29}},"28":{"start":{"line":118,"column":16},"end":{"line":118,"column":29}},"29":{"start":{"line":119,"column":2},"end":{"line":119,"column":28}},"30":{"start":{"line":119,"column":16},"end":{"line":119,"column":28}},"31":{"start":{"line":120,"column":2},"end":{"line":120,"column":14}},"32":{"start":{"line":135,"column":2},"end":{"line":137,"column":4}},"33":{"start":{"line":136,"column":17},"end":{"line":136,"column":71}},"34":{"start":{"line":146,"column":16},"end":{"line":146,"column":73}},"35":{"start":{"line":146,"column":50},"end":{"line":146,"column":69}},"36":{"start":{"line":147,"column":2},"end":{"line":147,"column":33}}},"fnMap":{"0":{"name":"createUser","decl":{"start":{"line":27,"column":16},"end":{"line":27,"column":26}},"loc":{"start":{"line":27,"column":68},"end":{"line":35,"column":1}}},"1":{"name":"validateEmail","decl":{"start":{"line":42,"column":16},"end":{"line":42,"column":29}},"loc":{"start":{"line":42,"column":43},"end":{"line":45,"column":1}}},"2":{"name":"calculateDiscountPrice","decl":{"start":{"line":53,"column":16},"end":{"line":53,"column":38}},"loc":{"start":{"line":55,"column":22},"end":{"line":61,"column":1}}},"3":{"name":"filterProductsByCategory","decl":{"start":{"line":69,"column":16},"end":{"line":69,"column":40}},"loc":{"start":{"line":71,"column":18},"end":{"line":74,"column":1}}},"4":{"name":"(anonymous_4)","decl":{"start":{"line":73,"column":25},"end":{"line":73,"column":26}},"loc":{"start":{"line":73,"column":38},"end":{"line":73,"column":67}}},"5":{"name":"calculateTotalPrice","decl":{"start":{"line":81,"column":16},"end":{"line":81,"column":35}},"loc":{"start":{"line":81,"column":55},"end":{"line":83,"column":1}}},"6":{"name":"(anonymous_6)","decl":{"start":{"line":82,"column":25},"end":{"line":82,"column":26}},"loc":{"start":{"line":82,"column":45},"end":{"line":82,"column":66}}},"7":{"name":"searchProducts","decl":{"start":{"line":91,"column":16},"end":{"line":91,"column":30}},"loc":{"start":{"line":93,"column":17},"end":{"line":98,"column":1}}},"8":{"name":"(anonymous_8)","decl":{"start":{"line":95,"column":25},"end":{"line":95,"column":26}},"loc":{"start":{"line":96,"column":4},"end":{"line":96,"column":62}}},"9":{"name":"checkStock","decl":{"start":{"line":106,"column":16},"end":{"line":106,"column":26}},"loc":{"start":{"line":106,"column":61},"end":{"line":108,"column":1}}},"10":{"name":"getAgeCategory","decl":{"start":{"line":115,"column":16},"end":{"line":115,"column":30}},"loc":{"start":{"line":115,"column":42},"end":{"line":121,"column":1}}},"11":{"name":"filterByPriceRange","decl":{"start":{"line":130,"column":16},"end":{"line":130,"column":34}},"loc":{"start":{"line":133,"column":18},"end":{"line":138,"column":1}}},"12":{"name":"(anonymous_12)","decl":{"start":{"line":136,"column":4},"end":{"line":136,"column":5}},"loc":{"start":{"line":136,"column":17},"end":{"line":136,"column":71}}},"13":{"name":"calculateAveragePrice","decl":{"start":{"line":145,"column":16},"end":{"line":145,"column":37}},"loc":{"start":{"line":145,"column":57},"end":{"line":148,"column":1}}},"14":{"name":"(anonymous_14)","decl":{"start":{"line":146,"column":32},"end":{"line":146,"column":33}},"loc":{"start":{"line":146,"column":50},"end":{"line":146,"column":69}}}},"branchMap":{"0":{"loc":{"start":{"line":57,"column":2},"end":{"line":59,"column":3}},"type":"if","locations":[{"start":{"line":57,"column":2},"end":{"line":59,"column":3}}]},"1":{"loc":{"start":{"line":57,"column":6},"end":{"line":57,"column":44}},"type":"binary-expr","locations":[{"start":{"line":57,"column":6},"end":{"line":57,"column":22}},{"start":{"line":57,"column":26},"end":{"line":57,"column":44}}]},"2":{"loc":{"start":{"line":116,"column":2},"end":{"line":116,"column":27}},"type":"if","locations":[{"start":{"line":116,"column":2},"end":{"line":116,"column":27}}]},"3":{"loc":{"start":{"line":117,"column":2},"end":{"line":117,"column":29}},"type":"if","locations":[{"start":{"line":117,"column":2},"end":{"line":117,"column":29}}]},"4":{"loc":{"start":{"line":118,"column":2},"end":{"line":118,"column":29}},"type":"if","locations":[{"start":{"line":118,"column":2},"end":{"line":118,"column":29}}]},"5":{"loc":{"start":{"line":119,"column":2},"end":{"line":119,"column":28}},"type":"if","locations":[{"start":{"line":119,"column":2},"end":{"line":119,"column":28}}]},"6":{"loc":{"start":{"line":136,"column":17},"end":{"line":136,"column":71}},"type":"binary-expr","locations":[{"start":{"line":136,"column":17},"end":{"line":136,"column":42}},{"start":{"line":136,"column":46},"end":{"line":136,"column":71}}]}},"s":{"0":1,"1":1,"2":1,"3":1,"4":1,"5":1,"6":1,"7":1,"8":1,"9":1,"10":3,"11":1,"12":1,"13":4,"14":2,"15":2,"16":1,"17":3,"18":0,"19":0,"20":1,"21":3,"22":0,"23":1,"24":1,"25":0,"26":0,"27":0,"28":0,"29":0,"30":0,"31":0,"32":1,"33":3,"34":0,"35":0,"36":0},"f":{"0":3,"1":1,"2":4,"3":1,"4":3,"5":0,"6":0,"7":1,"8":3,"9":0,"10":1,"11":1,"12":3,"13":0,"14":0},"b":{"0":[2],"1":[4,3],"2":[1],"3":[0],"4":[0],"5":[0],"6":[3,3]}}
}
