TN:
SF:src\01_basic.ts
FN:2,sum
FN:6,divide
FNF:2
FNH:2
FNDA:2,sum
FNDA:2,divide
DA:2,1
DA:3,2
DA:6,1
DA:7,2
DA:8,1
DA:10,1
LF:6
LH:6
BRDA:7,0,0,1
BRF:1
BRH:1
end_of_record
TN:
SF:src\02_matcher.ts
FN:27,createUser
FN:42,validateEmail
FN:53,calculateDiscountPrice
FN:69,filterProductsByCategory
FN:73,(anonymous_4)
FN:81,calculateTotalPrice
FN:82,(anonymous_6)
FN:91,searchProducts
FN:95,(anonymous_8)
FN:106,checkStock
FN:115,getAgeCategory
FN:130,filterByPriceRange
FN:136,(anonymous_12)
FN:145,calculateAveragePrice
FN:146,(anonymous_14)
FNF:15
FNH:10
FNDA:3,createUser
FNDA:1,validateEmail
FNDA:4,calculateDiscountPrice
FNDA:1,filterProductsByCategory
FNDA:3,(anonymous_4)
FNDA:0,calculateTotalPrice
FNDA:0,(anonymous_6)
FNDA:1,searchProducts
FNDA:3,(anonymous_8)
FNDA:0,checkStock
FNDA:1,getAgeCategory
FNDA:1,filterByPriceRange
FNDA:3,(anonymous_12)
FNDA:0,calculateAveragePrice
FNDA:0,(anonymous_14)
DA:27,1
DA:28,3
DA:42,1
DA:43,1
DA:44,1
DA:53,1
DA:57,4
DA:58,2
DA:60,2
DA:69,1
DA:73,3
DA:81,1
DA:82,0
DA:91,1
DA:95,1
DA:96,3
DA:106,1
DA:107,0
DA:115,1
DA:116,1
DA:117,0
DA:118,0
DA:119,0
DA:120,0
DA:130,1
DA:135,1
DA:136,3
DA:145,1
DA:146,0
DA:147,0
LF:30
LH:22
BRDA:57,0,0,2
BRDA:57,1,0,4
BRDA:57,1,1,3
BRDA:116,2,0,1
BRDA:117,3,0,0
BRDA:118,4,0,0
BRDA:119,5,0,0
BRDA:136,6,0,3
BRDA:136,6,1,3
BRF:9
BRH:6
end_of_record
